Arguments: 
  C:\Program Files (x86)\nodejs\node.exe C:\Users\Beast\AppData\Roaming\npm\node_modules\yarn\bin\yarn.js add UIDGenerator

PATH: 
  C:\Users\Beast\bin;C:\Program Files\Git\mingw64\bin;C:\Program Files\Git\usr\local\bin;C:\Program Files\Git\usr\bin;C:\Program Files\Git\usr\bin;C:\Program Files\Git\mingw64\bin;C:\Program Files\Git\usr\bin;C:\Users\Beast\bin;C:\Program Files (x86)\Common Files\Oracle\Java\javapath;C:\Program Files (x86)\Razer\ChromaBroadcast\bin;C:\Program Files\Razer\ChromaBroadcast\bin;C:\WINDOWS\system32;C:\WINDOWS;C:\WINDOWS\System32\Wbem;C:\WINDOWS\System32\WindowsPowerShell\v1.0;C:\WINDOWS\System32\OpenSSH;C:\Program Files (x86)\nodejs;C:\WINDOWS\system32\config\systemprofile\AppData\Local\Microsoft\WindowsApps;C:\Users\Beast\AppData\Local\Programs\Python\Python39\Scripts;C:\Users\Beast\AppData\Local\Programs\Python\Python39;C:\Users\Beast\AppData\Local\Microsoft\WindowsApps;C:\Users\Beast\AppData\Local\Programs\Microsoft VS Code\bin;C:\Users\Beast\AppData\Roaming\npm;C:\Program Files\Git\usr\bin;C:\Program Files\dotnet;C:\Users\Beast\AppData\Local\Programs\Python\Python39\Scripts;C:\Users\Beast\AppData\Local\Programs\Python\Python39;C:\Users\Beast\AppData\Local\Microsoft\WindowsApps;C:\Users\Beast\AppData\Local\Programs\Microsoft VS Code\bin;C:\Users\Beast\AppData\Roaming\npm;C:\Program Files\Git\usr\bin;C:\Program Files (x86)\GitHub CLI;C:\Program Files (x86)\Plex\Plex Media Server;C:\Program Files\Git\usr\bin\vendor_perl;C:\Program Files\Git\usr\bin\core_perl

Yarn version: 
  1.22.10

Node version: 
  14.17.0

Platform: 
  win32 ia32

Trace: 
  Error: https://registry.yarnpkg.com/UIDGenerator: Not found
      at Request.params.callback [as _callback] (C:\Users\Beast\AppData\Roaming\npm\node_modules\yarn\lib\cli.js:66988:18)
      at Request.self.callback (C:\Users\Beast\AppData\Roaming\npm\node_modules\yarn\lib\cli.js:140662:22)
      at Request.emit (events.js:376:20)
      at Request.<anonymous> (C:\Users\Beast\AppData\Roaming\npm\node_modules\yarn\lib\cli.js:141634:10)
      at Request.emit (events.js:376:20)
      at IncomingMessage.<anonymous> (C:\Users\Beast\AppData\Roaming\npm\node_modules\yarn\lib\cli.js:141556:12)
      at Object.onceWrapper (events.js:482:28)
      at IncomingMessage.emit (events.js:388:22)
      at endReadableNT (internal/streams/readable.js:1336:12)
      at processTicksAndRejections (internal/process/task_queues.js:82:21)

npm manifest: 
  {
    "name": "better-torrent-client",
    "version": "1.0.0",
    "description": "A Better Client Because the other ones aren't maintained",
    "main": "index.js",
    "scripts": {
      "test": "echo \"Error: no test specified\" && exit 1"
    },
    "keywords": [
      "torrent",
      "client",
      "node",
      "npm",
      "magnet"
    ],
    "author": "CodingButter",
    "license": "ISC",
    "dependencies": {
      "aria2": "^4.1.2"
    }
  }

yarn manifest: 
  No manifest

Lockfile: 
  # THIS IS AN AUTOGENERATED FILE. DO NOT EDIT THIS FILE DIRECTLY.
  # yarn lockfile v1
  
  
  aria2@^4.1.2:
    version "4.1.2"
    resolved "https://registry.yarnpkg.com/aria2/-/aria2-4.1.2.tgz#0ecbc50beea82856c88b4de71dac336154f67362"
    integrity sha512-qTBr2RY8RZQmiUmbj2KXFvkErNxU4aTHZszszzwhE8svy2PEVX+IYR/c4Rp9Tuw4QkeU8cylGy6McV6Yl8i7Qw==
    dependencies:
      node-fetch "^2.6.1"
      ws "^7.4.0"
  
  node-fetch@^2.6.1:
    version "2.6.1"
    resolved "https://registry.yarnpkg.com/node-fetch/-/node-fetch-2.6.1.tgz#045bd323631f76ed2e2b55573394416b639a0052"
    integrity sha512-V4aYg89jEoVRxRb2fJdAg8FHvI7cEyYdVAh94HH0UIK8oJxUfkjlDQN9RbMx+bEjP7+ggMiFRprSti032Oipxw==
  
  ws@^7.4.0:
    version "7.5.4"
    resolved "https://registry.yarnpkg.com/ws/-/ws-7.5.4.tgz#56bfa20b167427e138a7795de68d134fe92e21f9"
    integrity sha512-zP9z6GXm6zC27YtspwH99T3qTG7bBFv2VIkeHstMLrLlDJuzA7tQ5ls3OJ1hOGGCzTQPniNJoHXIAOS0Jljohg==
